INFO [2024-12-01 21:25:19] $x
INFO [2024-12-01 21:25:19] gene_sets_3
INFO [2024-12-01 21:25:19] 
INFO [2024-12-01 21:25:19] $category.names
INFO [2024-12-01 21:25:19] names(gene_sets_3)
INFO [2024-12-01 21:25:19] 
INFO [2024-12-01 21:25:19] $filename
INFO [2024-12-01 21:25:19] NULL
INFO [2024-12-01 21:25:19] 
INFO [2024-12-01 21:25:19] $output
INFO [2024-12-01 21:25:19] [1] TRUE
INFO [2024-12-01 21:25:19] 
INFO [2024-12-01 21:25:19] $imagetype
INFO [2024-12-01 21:25:19] [1] "png"
INFO [2024-12-01 21:25:19] 
INFO [2024-12-01 21:25:19] $height
INFO [2024-12-01 21:25:19] [1] 480
INFO [2024-12-01 21:25:19] 
INFO [2024-12-01 21:25:19] $width
INFO [2024-12-01 21:25:19] [1] 480
INFO [2024-12-01 21:25:19] 
INFO [2024-12-01 21:25:19] $resolution
INFO [2024-12-01 21:25:19] [1] 300
INFO [2024-12-01 21:25:19] 
INFO [2024-12-01 21:25:19] $lwd
INFO [2024-12-01 21:25:19] [1] 1
INFO [2024-12-01 21:25:19] 
INFO [2024-12-01 21:25:19] $col
INFO [2024-12-01 21:25:19] c("#440154ff", "#21908dff", "#fde725ff")
INFO [2024-12-01 21:25:19] 
INFO [2024-12-01 21:25:19] $fill
INFO [2024-12-01 21:25:19] c(alpha("#440154ff", 0.3), alpha("#21908dff", 0.3), alpha("#fde725ff", 
INFO [2024-12-01 21:25:19]     0.3))
INFO [2024-12-01 21:25:19] 
