INFO [2024-12-01 21:24:45] $x
INFO [2024-12-01 21:24:45] gene_sets_3
INFO [2024-12-01 21:24:45] 
INFO [2024-12-01 21:24:45] $category.names
INFO [2024-12-01 21:24:45] names(gene_sets_3)
INFO [2024-12-01 21:24:45] 
INFO [2024-12-01 21:24:45] $filename
INFO [2024-12-01 21:24:45] NULL
INFO [2024-12-01 21:24:45] 
INFO [2024-12-01 21:24:45] $output
INFO [2024-12-01 21:24:45] [1] TRUE
INFO [2024-12-01 21:24:45] 
INFO [2024-12-01 21:24:45] $imagetype
INFO [2024-12-01 21:24:45] [1] "png"
INFO [2024-12-01 21:24:45] 
INFO [2024-12-01 21:24:45] $height
INFO [2024-12-01 21:24:45] [1] 480
INFO [2024-12-01 21:24:45] 
INFO [2024-12-01 21:24:45] $width
INFO [2024-12-01 21:24:45] [1] 480
INFO [2024-12-01 21:24:45] 
INFO [2024-12-01 21:24:45] $resolution
INFO [2024-12-01 21:24:45] [1] 300
INFO [2024-12-01 21:24:45] 
INFO [2024-12-01 21:24:45] $lwd
INFO [2024-12-01 21:24:45] [1] 1
INFO [2024-12-01 21:24:45] 
INFO [2024-12-01 21:24:45] $col
INFO [2024-12-01 21:24:45] c("#440154ff", "#21908dff", "#fde725ff")
INFO [2024-12-01 21:24:45] 
INFO [2024-12-01 21:24:45] $fill
INFO [2024-12-01 21:24:45] c(alpha("#440154ff", 0.3), alpha("#21908dff", 0.3), alpha("#fde725ff", 
INFO [2024-12-01 21:24:45]     0.3))
INFO [2024-12-01 21:24:45] 
