INFO [2024-12-01 21:24:18] $x
INFO [2024-12-01 21:24:18] gene_sets_3
INFO [2024-12-01 21:24:18] 
INFO [2024-12-01 21:24:18] $category.names
INFO [2024-12-01 21:24:18] names(gene_sets_3)
INFO [2024-12-01 21:24:18] 
INFO [2024-12-01 21:24:18] $filename
INFO [2024-12-01 21:24:18] NULL
INFO [2024-12-01 21:24:18] 
INFO [2024-12-01 21:24:18] $output
INFO [2024-12-01 21:24:18] [1] TRUE
INFO [2024-12-01 21:24:18] 
INFO [2024-12-01 21:24:18] $imagetype
INFO [2024-12-01 21:24:18] [1] "png"
INFO [2024-12-01 21:24:18] 
INFO [2024-12-01 21:24:18] $height
INFO [2024-12-01 21:24:18] [1] 480
INFO [2024-12-01 21:24:18] 
INFO [2024-12-01 21:24:18] $width
INFO [2024-12-01 21:24:18] [1] 480
INFO [2024-12-01 21:24:18] 
INFO [2024-12-01 21:24:18] $resolution
INFO [2024-12-01 21:24:18] [1] 300
INFO [2024-12-01 21:24:18] 
INFO [2024-12-01 21:24:18] $lwd
INFO [2024-12-01 21:24:18] [1] 1
INFO [2024-12-01 21:24:18] 
INFO [2024-12-01 21:24:18] $col
INFO [2024-12-01 21:24:18] c("#440154ff", "#21908dff", "#fde725ff")
INFO [2024-12-01 21:24:18] 
INFO [2024-12-01 21:24:18] $fill
INFO [2024-12-01 21:24:18] c(alpha("#440154ff", 0.3), alpha("#21908dff", 0.3), alpha("#fde725ff", 
INFO [2024-12-01 21:24:18]     0.3))
INFO [2024-12-01 21:24:18] 
